{"contracts/caller.sol":{"l":{"7":0,"11":0,"12":0},"path":"/home/wayne/Desktop/blockchain/Semester2/AdSmartContract/dev-tools-truffle/contracts/caller.sol","s":{"1":0,"2":0},"b":{},"f":{"1":0,"2":0},"fnMap":{"1":{"name":null,"line":6,"loc":{"start":{"line":6,"column":4},"end":{"line":6,"column":34}}},"2":{"name":"UpdateFileAndConfirm","line":10,"loc":{"start":{"line":10,"column":4},"end":{"line":10,"column":107}}}},"statementMap":{"1":{"start":{"line":7,"column":8},"end":{"line":7,"column":34}},"2":{"start":{"line":12,"column":8},"end":{"line":12,"column":39}}},"branchMap":{}},"contracts/channel.sol":{"l":{"16":4,"20":7,"21":7,"22":7,"26":6,"27":0},"path":"/home/wayne/Desktop/blockchain/Semester2/AdSmartContract/dev-tools-truffle/contracts/channel.sol","s":{"1":4,"2":7,"3":7,"4":7,"5":6},"b":{"1":[0,6]},"f":{"1":4,"2":7,"3":6},"fnMap":{"1":{"name":"openChannel","line":15,"loc":{"start":{"line":15,"column":4},"end":{"line":15,"column":109}}},"2":{"name":"verifySignature","line":19,"loc":{"start":{"line":19,"column":4},"end":{"line":19,"column":104}}},"3":{"name":"closeChannel","line":25,"loc":{"start":{"line":25,"column":4},"end":{"line":25,"column":98}}}},"statementMap":{"1":{"start":{"line":16,"column":8},"end":{"line":16,"column":72}},"2":{"start":{"line":20,"column":8},"end":{"line":20,"column":63}},"3":{"start":{"line":21,"column":8},"end":{"line":21,"column":69}},"4":{"start":{"line":22,"column":8},"end":{"line":22,"column":42}},"5":{"start":{"line":26,"column":8},"end":{"line":26,"column":80}}},"branchMap":{"1":{"line":26,"type":"if","locations":[{"start":{"line":26,"column":8},"end":{"line":26,"column":8}},{"start":{"line":26,"column":8},"end":{"line":26,"column":8}}]}}},"contracts/cloudStorage.sol":{"l":{"19":13,"20":13,"21":13,"25":20,"26":12,"33":7,"34":7,"41":1,"42":1,"46":5,"47":4,"54":2,"61":2,"62":0},"path":"/home/wayne/Desktop/blockchain/Semester2/AdSmartContract/dev-tools-truffle/contracts/cloudStorage.sol","s":{"1":13,"2":13,"3":13,"4":20,"5":7,"6":7,"7":1,"8":5,"9":4,"10":0},"b":{"1":[12,8],"2":[4,1]},"f":{"1":13,"2":20,"3":7,"4":1,"5":5,"6":2,"7":2},"fnMap":{"1":{"name":null,"line":18,"loc":{"start":{"line":18,"column":4},"end":{"line":18,"column":46}}},"2":{"name":"onlyOwner","line":24,"loc":{"start":{"line":24,"column":4},"end":{"line":24,"column":22}}},"3":{"name":"addOrUpdateFile","line":29,"loc":{"start":{"line":29,"column":4},"end":{"line":32,"column":2}}},"4":{"name":"removeFile","line":37,"loc":{"start":{"line":37,"column":4},"end":{"line":40,"column":2}}},"5":{"name":"getFile","line":45,"loc":{"start":{"line":45,"column":4},"end":{"line":45,"column":78}}},"6":{"name":"_openChannel","line":50,"loc":{"start":{"line":50,"column":4},"end":{"line":53,"column":5}}},"7":{"name":"_closeChannel","line":57,"loc":{"start":{"line":57,"column":4},"end":{"line":60,"column":5}}}},"statementMap":{"1":{"start":{"line":19,"column":8},"end":{"line":19,"column":25}},"2":{"start":{"line":20,"column":8},"end":{"line":20,"column":34}},"3":{"start":{"line":21,"column":8},"end":{"line":21,"column":30}},"4":{"start":{"line":25,"column":8},"end":{"line":25,"column":35}},"5":{"start":{"line":33,"column":8},"end":{"line":33,"column":34}},"6":{"start":{"line":34,"column":8},"end":{"line":34,"column":44}},"7":{"start":{"line":42,"column":8},"end":{"line":42,"column":35}},"8":{"start":{"line":46,"column":8},"end":{"line":46,"column":76}},"9":{"start":{"line":47,"column":8},"end":{"line":47,"column":30}},"10":{"start":{"line":62,"column":8},"end":{"line":62,"column":44}}},"branchMap":{"1":{"line":25,"type":"if","locations":[{"start":{"line":25,"column":8},"end":{"line":25,"column":8}},{"start":{"line":25,"column":8},"end":{"line":25,"column":8}}]},"2":{"line":46,"type":"if","locations":[{"start":{"line":46,"column":8},"end":{"line":46,"column":8}},{"start":{"line":46,"column":8},"end":{"line":46,"column":8}}]}}},"contracts/whiteList.sol":{"l":{"14":19,"18":10,"19":6,"26":5,"27":5,"32":5,"39":1,"40":1},"path":"/home/wayne/Desktop/blockchain/Semester2/AdSmartContract/dev-tools-truffle/contracts/whiteList.sol","s":{"1":19,"2":10,"3":5,"4":5,"5":5,"6":1,"7":1},"b":{"1":[6,4]},"f":{"1":19,"2":10,"3":5,"4":5,"5":1},"fnMap":{"1":{"name":null,"line":13,"loc":{"start":{"line":13,"column":4},"end":{"line":13,"column":22}}},"2":{"name":"onlyOwner","line":17,"loc":{"start":{"line":17,"column":4},"end":{"line":17,"column":22}}},"3":{"name":"addWhitelisted","line":22,"loc":{"start":{"line":22,"column":4},"end":{"line":25,"column":5}}},"4":{"name":"getWhitelisted","line":30,"loc":{"start":{"line":30,"column":4},"end":{"line":31,"column":5}}},"5":{"name":"removeWhitelisted","line":35,"loc":{"start":{"line":35,"column":4},"end":{"line":38,"column":5}}}},"statementMap":{"1":{"start":{"line":14,"column":8},"end":{"line":14,"column":25}},"2":{"start":{"line":18,"column":8},"end":{"line":18,"column":35}},"3":{"start":{"line":26,"column":8},"end":{"line":26,"column":35}},"4":{"start":{"line":27,"column":8},"end":{"line":27,"column":38}},"5":{"start":{"line":32,"column":8},"end":{"line":32,"column":36}},"6":{"start":{"line":39,"column":8},"end":{"line":39,"column":36}},"7":{"start":{"line":40,"column":8},"end":{"line":40,"column":40}}},"branchMap":{"1":{"line":18,"type":"if","locations":[{"start":{"line":18,"column":8},"end":{"line":18,"column":8}},{"start":{"line":18,"column":8},"end":{"line":18,"column":8}}]}}}}